<?xml version="1.0" encoding="UTF-8"?>
<!-- Generated by org.testng.reporters.JUnitReportReporter -->
<testsuite hostname="LAPTOP-R3TDBOP4" failures="0" tests="1" name="test.SumValidation" time="1.973" errors="0" timestamp="2025-08-30T05:48:41 IST" skipped="0">
  <testcase classname="test.SumValidation" name="sumOfCourses" time="1.973"/>
</testsuite> <!-- test.SumValidation -->
